TN:
SF:src/app/config/env.ts
FNF:0
FNH:0
DA:1,1
DA:3,1
DA:5,1
LF:3
LH:3
BRF:0
BRH:0
end_of_record
TN:
SF:src/app/controllers/clientController.ts
FN:10,(anonymous_0)
FN:71,(anonymous_1)
FN:87,(anonymous_2)
FNF:3
FNH:3
FNDA:1,(anonymous_0)
FNDA:1,(anonymous_1)
FNDA:1,(anonymous_2)
DA:1,1
DA:3,1
DA:4,1
DA:5,1
DA:6,1
DA:7,1
DA:9,1
DA:11,1
DA:21,1
DA:23,1
DA:25,1
DA:27,1
DA:28,0
DA:32,1
DA:37,1
DA:38,0
DA:41,1
DA:43,1
DA:49,1
DA:53,1
DA:54,1
DA:56,1
DA:62,1
DA:67,0
DA:72,1
DA:78,1
DA:79,1
DA:81,1
DA:83,0
DA:88,1
DA:94,1
DA:100,1
DA:101,1
DA:103,1
DA:105,0
LF:35
LH:30
BRDA:27,0,0,0
BRDA:37,1,0,0
BRF:2
BRH:0
end_of_record
TN:
SF:src/app/lib/prismaClient.ts
FNF:0
FNH:0
DA:1,3
DA:3,3
LF:2
LH:2
BRF:0
BRH:0
end_of_record
TN:
SF:src/app/services/clientService.ts
FN:5,(anonymous_0)
FN:9,(anonymous_1)
FN:13,(anonymous_2)
FN:17,(anonymous_3)
FN:26,(anonymous_4)
FNF:5
FNH:5
FNDA:1,(anonymous_0)
FNDA:1,(anonymous_1)
FNDA:1,(anonymous_2)
FNDA:1,(anonymous_3)
FNDA:1,(anonymous_4)
DA:2,2
DA:4,2
DA:6,1
DA:10,1
DA:14,1
DA:18,1
DA:27,1
LF:7
LH:7
BRF:0
BRH:0
end_of_record
TN:
SF:src/app/services/companyService.ts
FN:5,(anonymous_0)
FN:9,(anonymous_1)
FN:13,(anonymous_2)
FN:24,(anonymous_3)
FN:28,(anonymous_4)
FN:37,(anonymous_5)
FN:44,(anonymous_6)
FNF:7
FNH:0
FNDA:0,(anonymous_0)
FNDA:0,(anonymous_1)
FNDA:0,(anonymous_2)
FNDA:0,(anonymous_3)
FNDA:0,(anonymous_4)
FNDA:0,(anonymous_5)
FNDA:0,(anonymous_6)
DA:2,1
DA:4,1
DA:6,0
DA:10,0
DA:14,0
DA:25,0
DA:29,0
DA:41,0
DA:45,0
LF:9
LH:2
BRF:0
BRH:0
end_of_record
TN:
SF:src/app/services/refreshTokenService.ts
FN:5,(anonymous_0)
FN:9,(anonymous_1)
FN:13,(anonymous_2)
FNF:3
FNH:0
FNDA:0,(anonymous_0)
FNDA:0,(anonymous_1)
FNDA:0,(anonymous_2)
DA:2,1
DA:4,1
DA:6,0
DA:10,0
DA:14,0
LF:5
LH:2
BRF:0
BRH:0
end_of_record
